<?xml version="1.0" encoding="UTF-8"?>
<!-- Generated by org.testng.reporters.JUnitXMLReporter -->
<testsuite hostname="Dell-Namanmishar" ignored="0" name="Default test" tests="5" failures="0" timestamp="2021-01-08T00:31:36 IST" time="3.301" errors="0">
  <testcase name="getAllVideoGame" time="2.112" classname="testCases.TC_VideoGameAPITC"/>
  <testcase name="test_addNewVideoGame" time="0.433" classname="testCases.TC_VideoGameAPITC"/>
  <testcase name="test_getVideoGame" time="0.622" classname="testCases.TC_VideoGameAPITC"/>
  <testcase name="test_UpdateVideoGame" time="0.056" classname="testCases.TC_VideoGameAPITC"/>
  <testcase name="test_DeleteVideoGame" time="0.024" classname="testCases.TC_VideoGameAPITC"/>
</testsuite> <!-- Default test -->
