<?xml version="1.0" encoding="UTF-8"?>
<!-- Generated by org.testng.reporters.JUnitXMLReporter -->
<testsuite hostname="Dell-Namanmishar" ignored="0" name="Test" tests="5" failures="0" timestamp="2021-01-08T00:59:41 IST" time="2.793" errors="0">
  <testcase name="getAllVideoGame" time="1.738" classname="testCases.TC_VideoGameAPITC"/>
  <testcase name="test_addNewVideoGame" time="0.316" classname="testCases.TC_VideoGameAPITC"/>
  <testcase name="test_getVideoGame" time="0.606" classname="testCases.TC_VideoGameAPITC"/>
  <testcase name="test_UpdateVideoGame" time="0.069" classname="testCases.TC_VideoGameAPITC"/>
  <testcase name="test_DeleteVideoGame" time="0.03" classname="testCases.TC_VideoGameAPITC"/>
</testsuite> <!-- Test -->
