<?xml version="1.0" encoding="UTF-8"?>
<testng-results skipped="0" failed="0" ignored="0" total="5" passed="5">
  <reporter-output>
  </reporter-output>
  <suite name="Suite" duration-ms="2793" started-at="2021-01-08T00:59:38 IST" finished-at="2021-01-08T00:59:41 IST">
    <groups>
    </groups>
    <test name="Test" duration-ms="2793" started-at="2021-01-08T00:59:38 IST" finished-at="2021-01-08T00:59:41 IST">
      <class name="testCases.TC_VideoGameAPITC">
        <test-method status="PASS" signature="getAllVideoGame()[pri:1, instance:testCases.TC_VideoGameAPITC@3d99d22e]" name="getAllVideoGame" duration-ms="1738" started-at="2021-01-08T00:59:38 IST" finished-at="2021-01-08T00:59:40 IST">
          <reporter-output>
          </reporter-output>
        </test-method> <!-- getAllVideoGame -->
        <test-method status="PASS" signature="test_addNewVideoGame()[pri:2, instance:testCases.TC_VideoGameAPITC@3d99d22e]" name="test_addNewVideoGame" duration-ms="316" started-at="2021-01-08T00:59:40 IST" finished-at="2021-01-08T00:59:40 IST">
          <reporter-output>
          </reporter-output>
        </test-method> <!-- test_addNewVideoGame -->
        <test-method status="PASS" signature="test_getVideoGame()[pri:3, instance:testCases.TC_VideoGameAPITC@3d99d22e]" name="test_getVideoGame" duration-ms="606" started-at="2021-01-08T00:59:40 IST" finished-at="2021-01-08T00:59:41 IST">
          <reporter-output>
          </reporter-output>
        </test-method> <!-- test_getVideoGame -->
        <test-method status="PASS" signature="test_UpdateVideoGame()[pri:4, instance:testCases.TC_VideoGameAPITC@3d99d22e]" name="test_UpdateVideoGame" duration-ms="69" started-at="2021-01-08T00:59:41 IST" finished-at="2021-01-08T00:59:41 IST">
          <reporter-output>
          </reporter-output>
        </test-method> <!-- test_UpdateVideoGame -->
        <test-method status="PASS" signature="test_DeleteVideoGame()[pri:5, instance:testCases.TC_VideoGameAPITC@3d99d22e]" name="test_DeleteVideoGame" duration-ms="30" started-at="2021-01-08T00:59:41 IST" finished-at="2021-01-08T00:59:41 IST">
          <reporter-output>
          </reporter-output>
        </test-method> <!-- test_DeleteVideoGame -->
      </class> <!-- testCases.TC_VideoGameAPITC -->
    </test> <!-- Test -->
  </suite> <!-- Suite -->
</testng-results>
