<?xml version="1.0" encoding="UTF-8"?>
<testsuite xmlns:xsi="http://www.w3.org/2001/XMLSchema-instance" xsi:noNamespaceSchemaLocation="https://maven.apache.org/surefire/maven-surefire-plugin/xsd/surefire-test-report-3.0.xsd" version="3.0" name="TestSuite" time="3.504" tests="5" errors="0" skipped="0" failures="0">
  <properties>
[...]
</properties>
  <testcase name="getAllVideoGame" classname="testCases.TC_VideoGameAPITC" time="1.752">
    <system-err><![CDATA[log4j:WARN No appenders could be found for logger (org.apache.http.impl.conn.BasicClientConnectionManager).
log4j:WARN Please initialize the log4j system properly.
]]></system-err>
  </testcase>
  <testcase name="test_addNewVideoGame" classname="testCases.TC_VideoGameAPITC" time="0.309">
    <system-out><![CDATA[{"status": "Record Added Successfully"}
]]></system-out>
    <system-err><![CDATA[[Fatal Error] :1:1: Content is not allowed in prolog.
]]></system-err>
  </testcase>
  <testcase name="test_getVideoGame" classname="testCases.TC_VideoGameAPITC" time="0.618">
    <system-out><![CDATA[<videoGame category="Adventure" rating="Universal">
  <id>100</id>
  <name>SpiderMan</name>
  <releaseDate>2021-01-07T00:00:00+05:30</releaseDate>
  <reviewScore>5</reviewScore>
</videoGame>
]]></system-out>
  </testcase>
  <testcase name="test_UpdateVideoGame" classname="testCases.TC_VideoGameAPITC" time="0.072">
    <system-out><![CDATA[<videoGame category="Adventure" rating="Universal">
  <id>100</id>
  <name>BatMan</name>
  <releaseDate>2021-01-07T00:00:00+05:30</releaseDate>
  <reviewScore>1000</reviewScore>
</videoGame>
]]></system-out>
  </testcase>
  <testcase name="test_DeleteVideoGame" classname="testCases.TC_VideoGameAPITC" time="0.021">
    <system-out><![CDATA[{"status": "Record Deleted Successfully"}
]]></system-out>
    <system-err><![CDATA[[Fatal Error] :1:1: Content is not allowed in prolog.
]]></system-err>
  </testcase>
</testsuite>